<?xml version="1.0" encoding="UTF-8"?>
<!-- Generated by org.testng.reporters.JUnitReportReporter -->
<testsuite hostname="LAPTOP-2GMD4EUC" failures="0" tests="1" name="runner.TestRunner" time="80.498" errors="0" timestamp="25 May 2020 20:14:29 GMT" skipped="0">
  <testcase classname="runner.TestRunner" name="runScenario" time="80.498"/>
</testsuite> <!-- runner.TestRunner -->
